Arguments: 
  C:\Program Files\nodejs\node.exe C:\Users\Dell\AppData\Roaming\npm\node_modules\yarn\bin\yarn.js install

PATH: 
  C:\Users\Dell\bin;C:\Program Files\Git\mingw64\bin;C:\Program Files\Git\usr\local\bin;C:\Program Files\Git\usr\bin;C:\Program Files\Git\usr\bin;C:\Program Files\Git\mingw64\bin;C:\Program Files\Git\usr\bin;C:\Users\Dell\bin;C:\Program Files\Microsoft\jdk-11.0.20.8-hotspot\bin;C:\Windows\system32;C:\Windows;C:\Windows\System32\Wbem;C:\Windows\System32\WindowsPowerShell\v1.0;C:\Windows\System32\OpenSSH;C:\Program Files\Git\cmd;%NVM_HOME%;%NVM_SYMLINK%;C:\ProgramData\chocolatey\bin;C:\Users\Dell\AppData\Local\Microsoft\WindowsApps;C:\Users\Dell\AppData\Local\Programs\Microsoft VS Code\bin;C:\Users\Dell\AppData\Roaming\npm;C:\Users\Dell\AppData\Roaming\nvm;C:\Program Files\nodejs;C:\Users\Dell\AppData\Local\Android\Sdk\platform-tools;C:\Program Files\Git\usr\bin\vendor_perl;C:\Program Files\Git\usr\bin\core_perl

Yarn version: 
  1.22.19

Node version: 
  18.18.0

Platform: 
  win32 x64

Trace: 
  Error: https://registry.yarnpkg.com/expo-modules-core/-/expo-modules-core-1.5.11.tgz: ESOCKETTIMEDOUT
      at ClientRequest.<anonymous> (C:\Users\Dell\AppData\Roaming\npm\node_modules\yarn\lib\cli.js:141517:19)
      at Object.onceWrapper (node:events:631:28)
      at ClientRequest.emit (node:events:517:28)
      at TLSSocket.emitRequestTimeout (node:_http_client:847:9)
      at Object.onceWrapper (node:events:631:28)
      at TLSSocket.emit (node:events:529:35)
      at Socket._onTimeout (node:net:598:8)
      at listOnTimeout (node:internal/timers:569:17)
      at process.processTimers (node:internal/timers:512:7)

npm manifest: 
  {
    "name": "todo-app",
    "version": "1.0.0",
    "main": "index.js",
    "scripts": {
      "start": "expo start",
      "android": "expo start --android",
      "ios": "expo start --ios",
      "web": "expo start --web"
    },
    "dependencies": {
      "expo": "^49.0.3",
      "expo-constants": "~14.4.2",
      "expo-linking": "~5.0.2",
      "expo-router": "2.0.0",
      "expo-splash-screen": "~0.20.4",
      "expo-status-bar": "~1.6.0",
      "react": "18.2.0",
      "react-dom": "18.2.0",
      "react-native": "0.72.3",
      "react-native-gesture-handler": "~2.12.0",
      "react-native-reanimated": "~3.3.0",
      "react-native-safe-area-context": "4.6.3",
      "react-native-screens": "~3.22.0",
      "react-native-web": "~0.19.6"
    },
    "devDependencies": {
      "@babel/core": "^7.19.3",
      "@babel/plugin-proposal-export-namespace-from": "^7.18.9"
    },
    "resolutions": {
      "metro": "^0.73.7",
      "metro-resolver": "^0.73.7"
    },
    "overrides": {
      "metro": "^0.73.7",
      "metro-resolver": "^0.73.7"
    },
    "private": true
  }

yarn manifest: 
  No manifest

Lockfile: 
  No lockfile
